  [1m[35m (8.7ms)[0m  [1m[35mCREATE DATABASE `app_development` DEFAULT CHARACTER SET `utf8mb4`[0m
  [1m[35m (1.2ms)[0m  [1m[35mCREATE DATABASE `app_test` DEFAULT CHARACTER SET `utf8mb4`[0m
Started GET "/" for 172.22.0.1 at 2023-02-23 03:10:10 +0000
Processing by Rails::WelcomeController#index as HTML
  Rendering /usr/local/bundle/gems/railties-7.0.4.2/lib/rails/templates/rails/welcome/index.html.erb
  Rendered /usr/local/bundle/gems/railties-7.0.4.2/lib/rails/templates/rails/welcome/index.html.erb (Duration: 4.4ms | Allocations: 584)
Completed 200 OK in 44ms (Views: 17.3ms | ActiveRecord: 0.0ms | Allocations: 4505)


Started GET "/schedule/index" for 172.24.0.1 at 2023-02-23 06:50:27 +0000
  
ActionController::RoutingError (No route matches [GET] "/schedule/index"):
  
Started GET "/favicon.ico" for 172.24.0.1 at 2023-02-23 06:50:28 +0000
  
ActionController::RoutingError (No route matches [GET] "/favicon.ico"):
  
Started GET "/" for 172.24.0.1 at 2023-02-23 06:50:32 +0000
Processing by Rails::WelcomeController#index as HTML
  Rendering /usr/local/bundle/gems/railties-7.0.4.2/lib/rails/templates/rails/welcome/index.html.erb
  Rendered /usr/local/bundle/gems/railties-7.0.4.2/lib/rails/templates/rails/welcome/index.html.erb (Duration: 1.0ms | Allocations: 288)
Completed 200 OK in 30ms (Views: 6.2ms | ActiveRecord: 0.0ms | Allocations: 2440)


Started GET "/" for 172.24.0.1 at 2023-02-23 06:51:36 +0000
Processing by Rails::WelcomeController#index as HTML
  Rendering /usr/local/bundle/gems/railties-7.0.4.2/lib/rails/templates/rails/welcome/index.html.erb
  Rendered /usr/local/bundle/gems/railties-7.0.4.2/lib/rails/templates/rails/welcome/index.html.erb (Duration: 1.2ms | Allocations: 281)
Completed 200 OK in 5ms (Views: 3.9ms | ActiveRecord: 0.0ms | Allocations: 938)


Started GET "/schedule/index" for 172.24.0.1 at 2023-02-23 06:51:41 +0000
  
ActionController::RoutingError (uninitialized constant ScheduleController

      Object.const_get(camel_cased_word)
            ^^^^^^^^^^
Did you mean?  ScheduleControllers

            raise MissingController.new(error.message, error.name)
            ^^^^^):
  
Started GET "/rails/info/routes?path=/schedule/index" for 172.24.0.1 at 2023-02-23 06:52:11 +0000
Processing by Rails::InfoController#routes as */*
  Parameters: {"path"=>"/schedule/index"}
Completed 200 OK in 6ms (Views: 1.6ms | ActiveRecord: 0.0ms | Allocations: 1720)


Started GET "/" for 172.24.0.1 at 2023-02-23 06:52:25 +0000
Processing by Rails::WelcomeController#index as HTML
  Rendering /usr/local/bundle/gems/railties-7.0.4.2/lib/rails/templates/rails/welcome/index.html.erb
  Rendered /usr/local/bundle/gems/railties-7.0.4.2/lib/rails/templates/rails/welcome/index.html.erb (Duration: 1.7ms | Allocations: 476)
Completed 200 OK in 16ms (Views: 7.0ms | ActiveRecord: 0.0ms | Allocations: 3165)


Started GET "/schedule/index" for 172.24.0.1 at 2023-02-23 06:52:31 +0000
  
ActionController::RoutingError (uninitialized constant ScheduleController

      Object.const_get(camel_cased_word)
            ^^^^^^^^^^
Did you mean?  ScheduleControllers

            raise MissingController.new(error.message, error.name)
            ^^^^^):
  
Started GET "/schedule/index" for 172.24.0.1 at 2023-02-23 06:53:13 +0000
  
ActionController::RoutingError (uninitialized constant ScheduleController

      Object.const_get(camel_cased_word)
            ^^^^^^^^^^
Did you mean?  ScheduleControllers

            raise MissingController.new(error.message, error.name)
            ^^^^^):
  
Started GET "/schedule/index" for 172.24.0.1 at 2023-02-23 06:53:39 +0000
  
ActionController::RoutingError (uninitialized constant ScheduleController

      Object.const_get(camel_cased_word)
            ^^^^^^^^^^
Did you mean?  ScheduleControllers

            raise MissingController.new(error.message, error.name)
            ^^^^^):
  
Started GET "/" for 172.24.0.1 at 2023-02-23 06:54:32 +0000
Processing by Rails::WelcomeController#index as HTML
  Rendering /usr/local/bundle/gems/railties-7.0.4.2/lib/rails/templates/rails/welcome/index.html.erb
  Rendered /usr/local/bundle/gems/railties-7.0.4.2/lib/rails/templates/rails/welcome/index.html.erb (Duration: 1.7ms | Allocations: 476)
Completed 200 OK in 16ms (Views: 7.4ms | ActiveRecord: 0.0ms | Allocations: 3165)


Started GET "/schedule/index" for 172.24.0.1 at 2023-02-23 06:54:42 +0000
Processing by ScheduleController#index as HTML
Completed 500 Internal Server Error in 506ms (ActiveRecord: 0.0ms | Allocations: 2177)


  
TypeError (no implicit conversion of String into Integer):
  
app/controllers/schedule_controller.rb:19:in `[]'
app/controllers/schedule_controller.rb:19:in `block in send_line_message'
app/controllers/schedule_controller.rb:18:in `each'
app/controllers/schedule_controller.rb:18:in `send_line_message'
app/controllers/schedule_controller.rb:11:in `index'
Started GET "/schedule/index" for 172.25.0.1 at 2023-02-23 06:59:59 +0000
Processing by ScheduleController#index as HTML
Completed 500 Internal Server Error in 387ms (ActiveRecord: 0.0ms | Allocations: 4658)


  
TypeError (no implicit conversion of String into Integer):
  
app/controllers/schedule_controller.rb:19:in `[]'
app/controllers/schedule_controller.rb:19:in `block in send_line_message'
app/controllers/schedule_controller.rb:18:in `each'
app/controllers/schedule_controller.rb:18:in `send_line_message'
app/controllers/schedule_controller.rb:11:in `index'
Started GET "/schedule/index" for 172.25.0.1 at 2023-02-23 07:01:32 +0000
Processing by ScheduleController#index as HTML
Completed 500 Internal Server Error in 441ms (ActiveRecord: 0.0ms | Allocations: 25898)


  
TypeError (no implicit conversion of String into Integer):
  
app/controllers/schedule_controller.rb:24:in `[]'
app/controllers/schedule_controller.rb:24:in `block in send_line_message'
app/controllers/schedule_controller.rb:23:in `each'
app/controllers/schedule_controller.rb:23:in `send_line_message'
app/controllers/schedule_controller.rb:14:in `index'
Started GET "/schedule/index" for 172.25.0.1 at 2023-02-23 07:03:59 +0000
Processing by ScheduleController#index as HTML
Completed 500 Internal Server Error in 538ms (ActiveRecord: 0.0ms | Allocations: 7149)


  
TypeError (no implicit conversion of String into Integer):
  
app/controllers/schedule_controller.rb:23:in `[]'
app/controllers/schedule_controller.rb:23:in `block in send_line_message'
app/controllers/schedule_controller.rb:19:in `each'
app/controllers/schedule_controller.rb:19:in `send_line_message'
app/controllers/schedule_controller.rb:10:in `index'
Started GET "/schedule/index" for 172.25.0.1 at 2023-02-23 07:05:59 +0000
Processing by ScheduleController#index as HTML
Completed 204 No Content in 797ms (ActiveRecord: 0.0ms | Allocations: 8378)


Started GET "/schedule/index" for 172.25.0.1 at 2023-02-23 07:13:56 +0000
Processing by ScheduleController#index as HTML
Completed 500 Internal Server Error in 336ms (Allocations: 2164)


  
NoMethodError (undefined method `each' for nil:NilClass

    @schedule["result"].each do |res|
                       ^^^^^):
  
app/controllers/schedule_controller.rb:19:in `send_line_message'
app/controllers/schedule_controller.rb:10:in `index'
Started GET "/schedule/index" for 172.25.0.1 at 2023-02-23 07:33:06 +0000
Processing by ScheduleController#index as HTML
Completed 500 Internal Server Error in 406ms (Allocations: 2540)


  
NoMethodError (undefined method `code' for "{\"results\":[{\"start_time\":\"2023-02-23T15:00:00+09:00\",\"end_time\":\"2023-02-23T17:00:00+09:00\",\"rule\":{\"key\":\"AREA\",\"name\":\"\xE3\x82\xAC\xE3\x83\x81\xE3\x82\xA8\xE3\x83\xAA\xE3\x82\xA2\"},\"stages\":[{\"id\":1,\"name\":\"\xE3\x83\xA6\xE3\x83\x8E\xE3\x83\x8F\xE3\x83\x8A\xE5\xA4\xA7\xE6\xB8\x93\xE8\xB0\xB7\",\"image\":\"https://api.lp1.av5ja.srv.nintendo.net/resources/prod/stage_img/icon/low_resolution/35f9ca08ccc2bf759774ab2cb886567c117b9287875ca92fb590c1294ddcdc1e_1.png?Expires=1704844800&Signature=IxScQ6-OdOhGhj0jd2xrLWfaDBuR0o38ZY00TN7xVp4XqekhXeaC9h~sSFqJGVF4JOoLiZTyvAWiduxRQ~W7Xqj~CQ48~xSrrqCv84eR0c8c~Zcatm1W73KjSIogINjFPEKTY9Rj5A0A-dn-ShbeFkGXAc6~d0BmJl32GCxANX4QxwOHd9FLuIDaTp6QZ6X86gXVDwf5pzXrrId3wW-mPRJTTu0tZ7anm6dvfX4i1nkwmpuVoiL-VoGenLxezh4w9e9fy3KNKqmkiW5~g29xxaL18pUZdG1sOPuihlOUcE326z~zoKvKjEwFXDH9dKLa3aYT00OdCjSk5sWz5~NfpA__&Key-Pair-Id=KNBS2THMRC385\"},{\"id\":3,\"name\":\"\xE3\x83\xA4\xE3\x82\xAC\xE3\x83\xA9\xE5\xB8\x82\xE5\xA0\xB4\",\"image\":\"https://api.lp1.av5ja.srv.nintendo.net/resources/prod/stage_img/icon/low_resolution/8dc2f16d39c630bab40cead5b2485ca3559e829d0d3de0c2232c7a62fefb5fa9_1.png?Expires=1704844800&Signature=QyhAFRgn-kll98gczlB30kQILr8o75Hf5HxqkJNA9ujKnn8fCS9FKmH2FJKycKVibjb9tIcNvsIefQqyq6nXS4DdnBT3jkuxVolBwH40yNif1mOaOeAakHIq9M67ofrsVt31iPdofFDLa6fJ0YUrPsS1fiPyPwtlAN82qBzzGhEan2c5LhXt-9vla9LS8uJ39ximJaOzlGZ~3dftvQUCW-BOnnI7ZFws0R2oJd9Aw~96aJ648vjSJ16pg-~lsUAbZgHF6dMZOpuplYXKgqPJyxEzNVunz3Mkv42uaBGwnCMKNuKTNNINfK3zZ2aeJ1W4d3yqGiRyrXAmJZx4igUsVw__&Key-Pair-Id=KNBS2THMRC385\"}],\"is_fest\":false},{\"start_time\":\"2023-02-23T17:00:00+09:00\",\"end_time\":\"2023-02-23T19:00:00+09:00\",\"rule\":{\"key\":\"LOFT\",\"name\":\"\xE3\x82\xAC\xE3\x83\x81\xE3\x83\xA4\xE3\x82\xB0\xE3\x83\xA9\"},\"stages\":[{\"id\":9,\"name\":\"\xE3\x83\x92\xE3\x83\xA9\xE3\x83\xA1\xE3\x81\x8C\xE4\xB8\x98\xE5\x9B\xA3\xE5\x9C\xB0\",\"image\":\"https://api.lp1.av5ja.srv.nintendo.net/resources/prod/stage_img/icon/low_resolution/488017f3ce712fca9fb37d61fe306343054449bb2d2bb1751d95f54a98564cae_1.png?Expires=1704844800&Signature=rWOcG8UM48nuzGhu-eSZNlPdb5ncWzRgifMLlsMAd16BR5mTTfHVFSDw-uq1gglS-TKyC9ICcE70FJ5LRPuqheVJgeDDZ3R97gZHUwqNz-2b2MnozZRSrgyHU4KczXEXgttr45I0nw8qYv38MJ2u-rXGyj~mMSveNzfgHNuhlWF7jJmITaGXgXIu4Kaxo8mjHV0XMk0sF7u1BSXuvcE6vxxxU6Lx8SzScbSRdxKZ0GckTn5IBDSmqmfE6ipJ9YLiNpP9aXNOH3~leK97mdkgOen2KCDuMREj1YiyA-vkLQVMfJFUJ2j93NQGy5sLyl9t4LoI9L5ztE52s7LRljaMZg__&Key-Pair-Id=KNBS2THMRC385\"},{\"id\":11,\"name\":\"\xE3\x82\xAD\xE3\x83\xB3\xE3\x83\xA1\xE3\x83\x80\xE3\x82\xA4\xE7\xBE\x8E\xE8\xA1\x93\xE9\xA4\xA8\",\"image\":\"https://api.lp1.av5ja.srv.nintendo.net/resources/prod/stage_img/icon/low_resolution/b9d8cfa186d197a27e075600a107c99d9e21646d116730f0843e0fff0aaba7dd_1.png?Expires=1704844800&Signature=J99BZxY~AvICrHtChQ~-CmSb1gH37zLLEqDv9UdjkoIQmFst---Cp3obRGUWehLN8wvOlj8kFAgB2LR1rVNcusnMfMCakk6yeOJL6KmcP9QN-0hF~YyhaEtU~wQMSu9UN-bcsN4gdo20v8zkdmb5UhG79puNXs4rOJTkhnA6MeF12NvIgUF4womnMs~0UmxASKIAsbhL3rt6pq8Sv0yPZSUGXxyaD3THXa-SfRK9FuPNyyuc1ZXuE6DZlgquJJAC80D7wIe8tR3uaaVz6KAYcW4xU9hE1-O-Stjr~GOg1MK-1Q2tOI1Y-ascdJEQmE5XI0vuYEvjFsuO8nlcRQ5o8A__&Key-Pair-Id=KNBS2THMRC385\"}],\"is_fest\":false},{\"start_time\":\"2023-02-23T19:00:00+09:00\",\"end_time\":\"2023-02-23T21:00:00+09:00\",\"rule\":{\"key\":\"CLAM\",\"name\":\"\xE3\x82\xAC\xE3\x83\x81\xE3\x82\xA2\xE3\x82\xB5\xE3\x83\xAA\"},\"stages\":[{\"id\":15,\"name\":\"\xE3\x82\xB6\xE3\x83\x88\xE3\x82\xA6\xE3\x83\x9E\xE3\x83\xBC\xE3\x82\xB1\xE3\x83\x83\xE3\x83\x88\",\"image\":\"https://api.lp1.av5ja.srv.nintendo.net/resources/prod/stage_img/icon/low_resolution/a8ba96c3dbd015b7bc6ea4fa067245c4e9aee62b6696cb41e02d35139dd21fe7_1.png?Expires=1704844800&Signature=GCdea230WVCZQr2PCOqy-0b52b61yqZvIYM6iFzTd-0~piNMDZGs6IDVl23ACnZm26TLGP7HNxWbz3hgSXHY5xkCmUvyLywH9SdjBEZqRD3b1vUW8YnmE27wQvRj3~ocbADyCZPAF~CZ6cYnsk1euFb3j1LP4hJ4-T7VamQxppVPG6ScswR~zF4ZpDVSfTa-bddsqOZ5ud4ITfVxudu4~a83XlXWPEPqQLll2Fga~zIhIFUONybPFputP4RAg-uVaW-1F9cRu9bjnCg-g~suWvREICnODIXN1-s3mFDPMDbkp3xnCqe8i7PjIhh-zQcunupM13k9Y6DZePq5ABQinA__&Key-Pair-Id=KNBS2THMRC385\"},{\"id\":16,\"name\":\"\xE3\x82\xB9\xE3\x83\xA1\xE3\x83\xBC\xE3\x82\xB7\xE3\x83\xBC\xE3\x83\xAF\xE3\x83\xBC\xE3\x83\xAB\xE3\x83\x89\",\"image\":\"https://api.lp1.av5ja.srv.nintendo.net/resources/prod/stage_img/icon/low_resolution/61ea801fa4ed32360dcaf83986222ded46a72dbf56194acc6d0cf4659a92ba85_1.png?Expires=1704844800&Signature=WF4avQks3iFAIOoXmPHpYYPm8-hJO7sjK5BI7Tb8ZPq3a3zGEblouSSSTFUFND1cDGG~o-dsBCYp9GP~hhmIgQN3fGrFr5PpE7P-bwNc33bGGVmXLeUC7qig-zF380mVHKqj~YWTcq69rJ-KyBNtkeL9HWYup6AZZ5QJnSl8c3TKhl13BHaJX~sFNkffYO3eJ-kvOAy7Cvf-T5USFyQp~S8W5o8rKliIwQBXJlTzTSocvce1ZmNB6TyXEmuXwhDcMvB6RBxAoC1evdviO86W6ADNKcZcuFYDa0XbR4f6UIP7x6nDCHjf46bWY2k6OAZm0~0UhPOHIhg3YZtFMC0yUQ__&Key-Pair-Id=KNBS2THMRC385\"}],\"is_fest\":false},{\"start_time\":\"2023-02-23T21:00:00+09:00\",\"end_time\":\"2023-02-23T23:00:00+09:00\",\"rule\":{\"key\":\"GOAL\",\"name\":\"\xE3\x82\xAC\xE3\x83\x81\xE3\x83\x9B\xE3\x82\xB3\xE3\x83\x90\xE3\x83\x88\xE3\x83\xAB\"},\"stages\":[{\"id\":4,\"name\":\"\xE3\x83\x9E\xE3\x83\x86\xE3\x82\xAC\xE3\x82\xA4\xE6\x94\xBE\xE6\xB0\xB4\xE8\xB7\xAF\",\"image\":\"https://api.lp1.av5ja.srv.nintendo.net/resources/prod/stage_img/icon/low_resolution/9b1c17b2075479d0397d2fb96efbc6fa3a28900712920e5fe1e9dfc59c6abc5c_1.png?Expires=1704844800&Signature=FC7w~9jFJehkhuSv38CYwDb4p2Lh3kq1LzqlnDzKu5AsFCUiRfSP0NlqGjLO6zGeQd08qjSdHhjZo2RkM7Wxu45NTgIqR5dzu~Kf~IQ06ug3fUUopdTt-0P-u-zAF6~P9QXNcEzzrwdwAneInwXRLKd2wf-N6GG0J4h3uDEdFhSfUPBdcdhOvch-rDJuanc7E6RwV~LYTQkcwXdu-gNXY4xwGtOH0qpC6tpYOv5LgJQJBZbdwZU6tZ5uGtSfrVrD0b~wEjYnm61LgNEv01qlVjL78ybjp50GosuWPP2c-NJqfa56t7a779BY6LK~Q1~vWblRdbTbOWeZbx6K7WCAPg__&Key-Pair-Id=KNBS2THMRC385\"},{\"id\":9,\"name\":\"\xE3\x83\x92\xE3\x83\xA9\xE3\x83\xA1\xE3\x81\x8C\xE4\xB8\x98\xE5\x9B\xA3\xE5\x9C\xB0\",\"image\":\"https://api.lp1.av5ja.srv.nintendo.net/resources/prod/stage_img/icon/low_resolution/488017f3ce712fca9fb37d61fe306343054449bb2d2bb1751d95f54a98564cae_1.png?Expires=1704844800&Signature=rWOcG8UM48nuzGhu-eSZNlPdb5ncWzRgifMLlsMAd16BR5mTTfHVFSDw-uq1gglS-TKyC9ICcE70FJ5LRPuqheVJgeDDZ3R97gZHUwqNz-2b2MnozZRSrgyHU4KczXEXgttr45I0nw8qYv38MJ2u-rXGyj~mMSveNzfgHNuhlWF7jJmITaGXgXIu4Kaxo8mjHV0XMk0sF7u1BSXuvcE6vxxxU6Lx8SzScbSRdxKZ0GckTn5IBDSmqmfE6ipJ9YLiNpP9aXNOH3~leK97mdkgOen2KCDuMREj1YiyA-vkLQVMfJFUJ2j93NQGy5sLyl9t4LoI9L5ztE52s7LRljaMZg__&Key-Pair-Id=KNBS2THMRC385\"}],\"is_fest\":false},{\"start_time\":\"2023-02-23T23:00:00+09:00\",\"end_time\":\"2023-02-24T01:00:00+09:00\",\"rule\":{\"key\":\"AREA\",\"name\":\"\xE3\x82\xAC\xE3\x83\x81\xE3\x82\xA8\xE3\x83\xAA\xE3\x82\xA2\"},\"stages\":[{\"id\":10,\"name\":\"\xE3\x83\x9E\xE3\x82\xB5\xE3\x83\x90\xE6\xB5\xB7\xE5\xB3\xA1\xE5\xA4\xA7\xE6\xA9\x8B\",\"image\":\"https://api.lp1.av5ja.srv.nintendo.net/resources/prod/stage_img/icon/low_resolution/1db8ab338b64b464df50e7f9e270e59423ff8caac6f09679a24f1b7acf3a82f3_1.png?Expires=1704844800&Signature=jAHg2hzZJ19hC91c5YRDEOCaiSeAc6TkzRWVQbENQrOizz6nteAWi6jmi21nokrDO8tSlD3pOzWI6Tll7V3eGW~Zt2MXY~dXpbSeqOiavluN~NEidrG9KK90gjOkdY0NPg-hBA0UxkN5s3ZwKQU7mWPGOf36Pk4c2fJmKJ4xTq4rAJV-5yu4lCdfSR8mDY6tlJ4atMPuSH2A~VuLBMF-s1RyVtG07Nt7MOEXM~nPydITETLED9iXrNf1Ewz3k5LbvMf6VzRas2VnjjIgOB6Gym3ARVB7imIgj5lrw8Loe3I0OVnOR1u2cBascNggGJBbp3VZ79dcZGlCt18zs7aKag__&Key-Pair-Id=KNBS2THMRC385\"},{\"id\":11,\"name\":\"\xE3\x82\xAD\xE3\x83\xB3\xE3\x83\xA1\xE3\x83\x80\xE3\x82\xA4\xE7\xBE\x8E\xE8\xA1\x93\xE9\xA4\xA8\",\"image\":\"https://api.lp1.av5ja.srv.nintendo.net/resources/prod/stage_img/icon/low_resolution/b9d8cfa186d197a27e075600a107c99d9e21646d116730f0843e0fff0aaba7dd_1.png?Expires=1704844800&Signature=J99BZxY~AvICrHtChQ~-CmSb1gH37zLLEqDv9UdjkoIQmFst---Cp3obRGUWehLN8wvOlj8kFAgB2LR1rVNcusnMfMCakk6yeOJL6KmcP9QN-0hF~YyhaEtU~wQMSu9UN-bcsN4gdo20v8zkdmb5UhG79puNXs4rOJTkhnA6MeF12NvIgUF4womnMs~0UmxASKIAsbhL3rt6pq8Sv0yPZSUGXxyaD3THXa-SfRK9FuPNyyuc1ZXuE6DZlgquJJAC80D7wIe8tR3uaaVz6KAYcW4xU9hE1-O-Stjr~GOg1MK-1Q2tOI1Y-ascdJEQmE5XI0vuYEvjFsuO8nlcRQ5o8A__&Key-Pair-Id=KNBS2THMRC385\"}],\"is_fest\":false},{\"start_time\":\"2023-02-24T01:00:00+09:00\",\"end_time\":\"2023-02-24T03:00:00+09:00\",\"rule\":{\"key\":\"LOFT\",\"name\":\"\xE3\x82\xAC\xE3\x83\x81\xE3\x83\xA4\xE3\x82\xB0\xE3\x83\xA9\"},\"stages\":[{\"id\":6,\"name\":\"\xE3\x83\x8A\xE3\x83\xA1\xE3\x83\xAD\xE3\x82\xA6\xE9\x87\x91\xE5\xB1\x9E\",\"image\":\"https://api.lp1.av5ja.srv.nintendo.net/resources/prod/stage_img/icon/low_resolution/de1f212e9ff0648f36cd3b8e0917ef36b3bd51445159297dcb948f34a09f2f05_1.png?Expires=1704844800&Signature=HNtg2Glxu9xpH7jRGsa7kRjhBXcyjEk1Pah3cpjqZHgqe3K5kSv1YcgfkycpXiZjIt80d5sca840qbJ0mryTbMDbW0AodFk7nBLGTiPPByRH0b2B5kSqoMchR0WsUja1k0Rq-i2rv5HbFzXuHbHasDHWlrPsN2Rn0EmuJJpC1dzmJXetqxzubGJAiW-HN~QNs70bB64bn8xaSwrl6BZT1StOvl~F8orOlRjdQ2Q2uIo90hRb633VV6Qp9FLIu4cklMxI0wO3XpicmT9v2wnVeULv2DeCpMCDslpniwQZT~F63JN46CwyfuKByKOoaajUK0qPXw3eKKzHjw9PE5HKMw__&Key-Pair-Id=KNBS2THMRC385\"},{\"id\":12,\"name\":\"\xE3\x83\x9E\xE3\x83\x92\xE3\x83\x9E\xE3\x83\x92\xE3\x83\xAA\xE3\x82\xBE\xE3\x83\xBC\xE3\x83\x88\xEF\xBC\x86\xE3\x82\xB9\xE3\x83\x91\",\"image\":\"https://api.lp1.av5ja.srv.nintendo.net/resources/prod/stage_img/icon/low_resolution/8273118c1ffe1bf6fe031c7d8c9795dab52632c9b76e8e9f01f644ac5ae0ccc0_1.png?Expires=1704844800&Signature=nXX05W~hBg8kE7xzJabwuPGonB6~suQAQeHV5fMy7nQWbNNDShMcOd-59AahxOtQEA~QxyQRzkyQ1aqNGHunlYN2icj-s-iy-GatmhMMfxfxnlrYR3GfAXoqgHV1dT1gUs-76PDqAZLGBwh4QUJl6BP8EhIujGKNIY0kFoAk8Cpe5r2nQwcdcajZZwG5oyZvql96trkiNLJuBRVRKdk-anNWdhM8zOl4Iv2H7Rp1SRkFLo~XyQa1dUQ8eftWu3eZXkNZnG~INmmzLGtLBSlClgab01y5EMl147wei0HkD6vg6cr2E6WJnbN6io~XnoeQkapQgYqmkYziZCrWQuxPpQ__&Key-Pair-Id=KNBS2THMRC385\"}],\"is_fest\":false},{\"start_time\":\"2023-02-24T03:00:00+09:00\",\"end_time\":\"2023-02-24T05:00:00+09:00\",\"rule\":{\"key\":\"CLAM\",\"name\":\"\xE3\x82\xAC\xE3\x83\x81\xE3\x82\xA2\xE3\x82\xB5\xE3\x83\xAA\"},\"stages\":[{\"id\":4,\"name\":\"\xE3\x83\x9E\xE3\x83\x86\xE3\x82\xAC\xE3\x82\xA4\xE6\x94\xBE\xE6\xB0\xB4\xE8\xB7\xAF\",\"image\":\"https://api.lp1.av5ja.srv.nintendo.net/resources/prod/stage_img/icon/low_resolution/9b1c17b2075479d0397d2fb96efbc6fa3a28900712920e5fe1e9dfc59c6abc5c_1.png?Expires=1704844800&Signature=FC7w~9jFJehkhuSv38CYwDb4p2Lh3kq1LzqlnDzKu5AsFCUiRfSP0NlqGjLO6zGeQd08qjSdHhjZo2RkM7Wxu45NTgIqR5dzu~Kf~IQ06ug3fUUopdTt-0P-u-zAF6~P9QXNcEzzrwdwAneInwXRLKd2wf-N6GG0J4h3uDEdFhSfUPBdcdhOvch-rDJuanc7E6RwV~LYTQkcwXdu-gNXY4xwGtOH0qpC6tpYOv5LgJQJBZbdwZU6tZ5uGtSfrVrD0b~wEjYnm61LgNEv01qlVjL78ybjp50GosuWPP2c-NJqfa56t7a779BY6LK~Q1~vWblRdbTbOWeZbx6K7WCAPg__&Key-Pair-Id=KNBS2THMRC385\"},{\"id\":14,\"name\":\"\xE3\x83\x81\xE3\x83\xA7\xE3\x82\xA6\xE3\x82\xB6\xE3\x83\xA1\xE9\x80\xA0\xE8\x88\xB9\",\"image\":\"https://api.lp1.av5ja.srv.nintendo.net/resources/prod/stage_img/icon/low_resolution/48684c69d5c5a4ffaf16b712a4895545a8d01196115d514fc878ce99863bb3e9_1.png?Expires=1704844800&Signature=STrmNUqf~kXW8WLNEkWH~Zmts0BktZErIZblS2vGYH49qu76tBasdl~qmIvj7CEkrCaOggq5K9gicjOfBRisRH5bQ6~MANEpGouwLFvwr5l7rq2dXJSJOBEHZZJYQjMP~hkvCqo9i1Z78t2fnnrGF8HTX3TkuQNakbx9V1SnSSrBYzdouNJZXKLf-BFUTk4ntW7gTfUPWt-8s3h8LL0cg84r9tYm9tHmoo5Gq7gABpvAvUW6m6J4ZcGzv~xayYE3fMQiaJfxATivMyt~zcUFCBDghbYvo-bLFtSTK0fxUUzs40J2X69AJtA2~Ka0bPagJGYQKednvsN-1pWeQaBJ0A__&Key-Pair-Id=KNBS2THMRC385\"}],\"is_fest\":false},{\"start_time\":\"2023-02-24T05:00:00+09:00\",\"end_time\":\"2023-02-24T07:00:00+09:00\",\"rule\":{\"key\":\"GOAL\",\"name\":\"\xE3\x82\xAC\xE3\x83\x81\xE3\x83\x9B\xE3\x82\xB3\xE3\x83\x90\xE3\x83\x88\xE3\x83\xAB\"},\"stages\":[{\"id\":3,\"name\":\"\xE3\x83\xA4\xE3\x82\xAC\xE3\x83\xA9\xE5\xB8\x82\xE5\xA0\xB4\",\"image\":\"https://api.lp1.av5ja.srv.nintendo.net/resources/prod/stage_img/icon/low_resolution/8dc2f16d39c630bab40cead5b2485ca3559e829d0d3de0c2232c7a62fefb5fa9_1.png?Expires=1704844800&Signature=QyhAFRgn-kll98gczlB30kQILr8o75Hf5HxqkJNA9ujKnn8fCS9FKmH2FJKycKVibjb9tIcNvsIefQqyq6nXS4DdnBT3jkuxVolBwH40yNif1mOaOeAakHIq9M67ofrsVt31iPdofFDLa6fJ0YUrPsS1fiPyPwtlAN82qBzzGhEan2c5LhXt-9vla9LS8uJ39ximJaOzlGZ~3dftvQUCW-BOnnI7ZFws0R2oJd9Aw~96aJ648vjSJ16pg-~lsUAbZgHF6dMZOpuplYXKgqPJyxEzNVunz3Mkv42uaBGwnCMKNuKTNNINfK3zZ2aeJ1W4d3yqGiRyrXAmJZx4igUsVw__&Key-Pair-Id=KNBS2THMRC385\"},{\"id\":7,\"name\":\"\xE3\x82\xAF\xE3\x82\xB5\xE3\x83\xA4\xE6\xB8\xA9\xE6\xB3\x89\",\"image\":\"https://api.lp1.av5ja.srv.nintendo.net/resources/prod/stage_img/icon/low_resolution/cd84d711b47a424334569ac20f33f8e0ab6a652dc07854dcd36508a0081e9034_1.png?Expires=1704844800&Signature=Ql87p1LFei~dueJZDOOmvdZ6OwLuaoeG6lb2hUVrlbiYKw6GVrEehIFrVGAsVSpaSbZ4jtXP-6md8ydLWXF~a2FfDzFo11ChM0ExhLMrxxb~3q7oqxWnHPpt1gjpLOcg3g0MKe8~2w0IPpde8sIwgvcRwKQVOaVB1sMz26FJvSX0laTJ6aVgpZOsTXJIfK3w7Hw2KRlqyGaigk-mHmIYNALoqStU96-YhUTBKjP~H96XrauquSEgo0e3LrWoSgFcw4~mE1YB7~kKGDciH2ukcheyJ~0dQgrxDTtxExKy350Auh6zTr4JsEt7SFU23fpA9FhUd9k2p0SyFBIt6UdVFQ__&Key-Pair-Id=KNBS2THMRC385\"}],\"is_fest\":false},{\"start_time\":\"2023-02-24T07:00:00+09:00\",\"end_time\":\"2023-02-24T09:00:00+09:00\",\"rule\":{\"key\":\"AREA\",\"name\":\"\xE3\x82\xAC\xE3\x83\x81\xE3\x82\xA8\xE3\x83\xAA\xE3\x82\xA2\"},\"stages\":[{\"id\":2,\"name\":\"\xE3\x82\xB4\xE3\x83\xB3\xE3\x82\xBA\xE3\x82\xA4\xE5\x9C\xB0\xE5\x8C\xBA\",\"image\":\"https://api.lp1.av5ja.srv.nintendo.net/resources/prod/stage_img/icon/low_resolution/898e1ae6c737a9d44552c7c81f9b710676492681525c514eadc68a6780aa52af_1.png?Expires=1704844800&Signature=bi~3DWlLIZ4ZsozGQNWvvMSI6ftTQE4Ms2bRtY8mNg8DfrMC0PXF2snFzOTm8md9V5n3RDGmGall8NGMkeMmgUUzJnho4f0pavuqqwMARESv2Aj5X4mW-Fv4Nw-EQOopj7CiNToOLrlScxaFtrp~EEncY3ORtUcCIynxmpuNmDZWMDVdcoFZ5M0byYhLQSMcP48EZiudf8EgOKL~vzq1KnQgUYltGt2VwZfw5MRiyerFdK3gZnar4nnu6FSd5oOZkmBijmhVlyPLIyTmqKXAA22KtHKf9U-Ln~VjAnneIU6vLCN23LeSzaV9coG6aH0IVNdQZq5wkKKJfrBDtQAwEw__&Key-Pair-Id=KNBS2THMRC385\"},{\"id\":14,\"name\":\"\xE3\x83\x81\xE3\x83\xA7\xE3\x82\xA6\xE3\x82\xB6\xE3\x83\xA1\xE9\x80\xA0\xE8\x88\xB9\",\"image\":\"https://api.lp1.av5ja.srv.nintendo.net/resources/prod/stage_img/icon/low_resolution/48684c69d5c5a4ffaf16b712a4895545a8d01196115d514fc878ce99863bb3e9_1.png?Expires=1704844800&Signature=STrmNUqf~kXW8WLNEkWH~Zmts0BktZErIZblS2vGYH49qu76tBasdl~qmIvj7CEkrCaOggq5K9gicjOfBRisRH5bQ6~MANEpGouwLFvwr5l7rq2dXJSJOBEHZZJYQjMP~hkvCqo9i1Z78t2fnnrGF8HTX3TkuQNakbx9V1SnSSrBYzdouNJZXKLf-BFUTk4ntW7gTfUPWt-8s3h8LL0cg84r9tYm9tHmoo5Gq7gABpvAvUW6m6J4ZcGzv~xayYE3fMQiaJfxATivMyt~zcUFCBDghbYvo-bLFtSTK0fxUUzs40J2X69AJtA2~Ka0bPagJGYQKednvsN-1pWeQaBJ0A__&Key-Pair-Id=KNBS2THMRC385\"}],\"is_fest\":false},{\"start_time\":\"2023-02-24T09:00:00+09:00\",\"end_time\":\"2023-02-24T11:00:00+09:00\",\"rule\":{\"key\":\"GOAL\",\"name\":\"\xE3\x82\xAC\xE3\x83\x81\xE3\x83\x9B\xE3\x82\xB3\xE3\x83\x90\xE3\x83\x88\xE3\x83\xAB\"},\"stages\":[{\"id\":1,\"name\":\"\xE3\x83\xA6\xE3\x83\x8E\xE3\x83\x8F\xE3\x83\x8A\xE5\xA4\xA7\xE6\xB8\x93\xE8\xB0\xB7\",\"image\":\"https://api.lp1.av5ja.srv.nintendo.net/resources/prod/stage_img/icon/low_resolution/35f9ca08ccc2bf759774ab2cb886567c117b9287875ca92fb590c1294ddcdc1e_1.png?Expires=1704844800&Signature=IxScQ6-OdOhGhj0jd2xrLWfaDBuR0o38ZY00TN7xVp4XqekhXeaC9h~sSFqJGVF4JOoLiZTyvAWiduxRQ~W7Xqj~CQ48~xSrrqCv84eR0c8c~Zcatm1W73KjSIogINjFPEKTY9Rj5A0A-dn-ShbeFkGXAc6~d0BmJl32GCxANX4QxwOHd9FLuIDaTp6QZ6X86gXVDwf5pzXrrId3wW-mPRJTTu0tZ7anm6dvfX4i1nkwmpuVoiL-VoGenLxezh4w9e9fy3KNKqmkiW5~g29xxaL18pUZdG1sOPuihlOUcE326z~zoKvKjEwFXDH9dKLa3aYT00OdCjSk5sWz5~NfpA__&Key-Pair-Id=KNBS2THMRC385\"},{\"id\":4,\"name\":\"\xE3\x83\x9E\xE3\x83\x86\xE3\x82\xAC\xE3\x82\xA4\xE6\x94\xBE\xE6\xB0\xB4\xE8\xB7\xAF\",\"image\":\"https://api.lp1.av5ja.srv.nintendo.net/resources/prod/stage_img/icon/low_resolution/9b1c17b2075479d0397d2fb96efbc6fa3a28900712920e5fe1e9dfc59c6abc5c_1.png?Expires=1704844800&Signature=FC7w~9jFJehkhuSv38CYwDb4p2Lh3kq1LzqlnDzKu5AsFCUiRfSP0NlqGjLO6zGeQd08qjSdHhjZo2RkM7Wxu45NTgIqR5dzu~Kf~IQ06ug3fUUopdTt-0P-u-zAF6~P9QXNcEzzrwdwAneInwXRLKd2wf-N6GG0J4h3uDEdFhSfUPBdcdhOvch-rDJuanc7E6RwV~LYTQkcwXdu-gNXY4xwGtOH0qpC6tpYOv5LgJQJBZbdwZU6tZ5uGtSfrVrD0b~wEjYnm61LgNEv01qlVjL78ybjp50GosuWPP2c-NJqfa56t7a779BY6LK~Q1~vWblRdbTbOWeZbx6K7WCAPg__&Key-Pair-Id=KNBS2THMRC385\"}],\"is_fest\":false},{\"start_time\":\"2023-02-24T11:00:00+09:00\",\"end_time\":\"2023-02-24T13:00:00+09:00\",\"rule\":{\"key\":\"LOFT\",\"name\":\"\xE3\x82\xAC\xE3\x83\x81\xE3\x83\xA4\xE3\x82\xB0\xE3\x83\xA9\"},\"stages\":[{\"id\":11,\"name\":\"\xE3\x82\xAD\xE3\x83\xB3\xE3\x83\xA1\xE3\x83\x80\xE3\x82\xA4\xE7\xBE\x8E\xE8\xA1\x93\xE9\xA4\xA8\",\"image\":\"https://api.lp1.av5ja.srv.nintendo.net/resources/prod/stage_img/icon/low_resolution/b9d8cfa186d197a27e075600a107c99d9e21646d116730f0843e0fff0aaba7dd_1.png?Expires=1704844800&Signature=J99BZxY~AvICrHtChQ~-CmSb1gH37zLLEqDv9UdjkoIQmFst---Cp3obRGUWehLN8wvOlj8kFAgB2LR1rVNcusnMfMCakk6yeOJL6KmcP9QN-0hF~YyhaEtU~wQMSu9UN-bcsN4gdo20v8zkdmb5UhG79puNXs4rOJTkhnA6MeF12NvIgUF4womnMs~0UmxASKIAsbhL3rt6pq8Sv0yPZSUGXxyaD3THXa-SfRK9FuPNyyuc1ZXuE6DZlgquJJAC80D7wIe8tR3uaaVz6KAYcW4xU9hE1-O-Stjr~GOg1MK-1Q2tOI1Y-ascdJEQmE5XI0vuYEvjFsuO8nlcRQ5o8A__&Key-Pair-Id=KNBS2THMRC385\"},{\"id\":13,\"name\":\"\xE6\xB5\xB7\xE5\xA5\xB3\xE7\xBE\x8E\xE8\xA1\x93\xE5\xA4\xA7\xE5\xAD\xA6\",\"image\":\"https://api.lp1.av5ja.srv.nintendo.net/resources/prod/stage_img/icon/low_resolution/40aba8b36a9439e2d670fde5b3478819ea8a94f9e503b9d783248a5716786f35_1.png?Expires=1704844800&Signature=foB18ggxyMki1pmEfUp6pavbjs-hVYFSeZj03c4mF~A1k90CC5Ma3~YoczzPIYhKHPQUqDOp6-FnVmgjC7GT9bH5xphFroU74KDRuWfGN8GwiEfox2dgyOT7KAVhJRikhyXW7AarWwRRjkleygv8soG8HurRtXDFaKKTFC4W7jkxAEEKuB0SHnkS2heb6NAu9ANQAjH5QUcBzNNVI34V8shoV1Bzk7C9xiCDRWp1C6FTtpmerfZ9~iZCKCqPSbaHchLy6z8pVc2llJPYmsZUNcFm-vA8FbO1g3LqamV7FmlYOAhtYY2Ua1MFSfehr5keEKMiAwd4zDB0OiEMpRFk1g__&Key-Pair-Id=KNBS2THMRC385\"}],\"is_fest\":false},{\"start_time\":\"2023-02-24T13:00:00+09:00\",\"end_time\":\"2023-02-24T15:00:00+09:00\",\"rule\":{\"key\":\"AREA\",\"name\":\"\xE3\x82\xAC\xE3\x83\x81\xE3\x82\xA8\xE3\x83\xAA\xE3\x82\xA2\"},\"stages\":[{\"id\":9,\"name\":\"\xE3\x83\x92\xE3\x83\xA9\xE3\x83\xA1\xE3\x81\x8C\xE4\xB8\x98\xE5\x9B\xA3\xE5\x9C\xB0\",\"image\":\"https://api.lp1.av5ja.srv.nintendo.net/resources/prod/stage_img/icon/low_resolution/488017f3ce712fca9fb37d61fe306343054449bb2d2bb1751d95f54a98564cae_1.png?Expires=1704844800&Signature=rWOcG8UM48nuzGhu-eSZNlPdb5ncWzRgifMLlsMAd16BR5mTTfHVFSDw-uq1gglS-TKyC9ICcE70FJ5LRPuqheVJgeDDZ3R97gZHUwqNz-2b2MnozZRSrgyHU4KczXEXgttr45I0nw8qYv38MJ2u-rXGyj~mMSveNzfgHNuhlWF7jJmITaGXgXIu4Kaxo8mjHV0XMk0sF7u1BSXuvcE6vxxxU6Lx8SzScbSRdxKZ0GckTn5IBDSmqmfE6ipJ9YLiNpP9aXNOH3~leK97mdkgOen2KCDuMREj1YiyA-vkLQVMfJFUJ2j93NQGy5sLyl9t4LoI9L5ztE52s7LRljaMZg__&Key-Pair-Id=KNBS2THMRC385\"},{\"id\":12,\"name\":\"\xE3\x83\x9E\xE3\x83\x92\xE3\x83\x9E\xE3\x83\x92\xE3\x83\xAA\xE3\x82\xBE\xE3\x83\xBC\xE3\x83\x88\xEF\xBC\x86\xE3\x82\xB9\xE3\x83\x91\",\"image\":\"https://api.lp1.av5ja.srv.nintendo.net/resources/prod/stage_img/icon/low_resolution/8273118c1ffe1bf6fe031c7d8c9795dab52632c9b76e8e9f01f644ac5ae0ccc0_1.png?Expires=1704844800&Signature=nXX05W~hBg8kE7xzJabwuPGonB6~suQAQeHV5fMy7nQWbNNDShMcOd-59AahxOtQEA~QxyQRzkyQ1aqNGHunlYN2icj-s-iy-GatmhMMfxfxnlrYR3GfAXoqgHV1dT1gUs-76PDqAZLGBwh4QUJl6BP8EhIujGKNIY0kFoAk8Cpe5r2nQwcdcajZZwG5oyZvql96trkiNLJuBRVRKdk-anNWdhM8zOl4Iv2H7Rp1SRkFLo~XyQa1dUQ8eftWu3eZXkNZnG~INmmzLGtLBSlClgab01y5EMl147wei0HkD6vg6cr2E6WJnbN6io~XnoeQkapQgYqmkYziZCrWQuxPpQ__&Key-Pair-Id=KNBS2THMRC385\"}],\"is_fest\":false},{\"start_time\":\"2023-02-24T15:00:00+09:00\",\"end_time\":\"2023-02-24T17:00:00+09:00\",\"rule\":{\"key\":\"CLAM\",\"name\":\"\xE3\x82\xAC\xE3\x83\x81\xE3\x82\xA2\xE3\x82\xB5\xE3\x83\xAA\"},\"stages\":[{\"id\":15,\"name\":\"\xE3\x82\xB6\xE3\x83\x88\xE3\x82\xA6\xE3\x83\x9E\xE3\x83\xBC\xE3\x82\xB1\xE3\x83\x83\xE3\x83\x88\",\"image\":\"https://api.lp1.av5ja.srv.nintendo.net/resources/prod/stage_img/icon/low_resolution/a8ba96c3dbd015b7bc6ea4fa067245c4e9aee62b6696cb41e02d35139dd21fe7_1.png?Expires=1704844800&Signature=GCdea230WVCZQr2PCOqy-0b52b61yqZvIYM6iFzTd-0~piNMDZGs6IDVl23ACnZm26TLGP7HNxWbz3hgSXHY5xkCmUvyLywH9SdjBEZqRD3b1vUW8YnmE27wQvRj3~ocbADyCZPAF~CZ6cYnsk1euFb3j1LP4hJ4-T7VamQxppVPG6ScswR~zF4ZpDVSfTa-bddsqOZ5ud4ITfVxudu4~a83XlXWPEPqQLll2Fga~zIhIFUONybPFputP4RAg-uVaW-1F9cRu9bjnCg-g~suWvREICnODIXN1-s3mFDPMDbkp3xnCqe8i7PjIhh-zQcunupM13k9Y6DZePq5ABQinA__&Key-Pair-Id=KNBS2THMRC385\"},{\"id\":16,\"name\":\"\xE3\x82\xB9\xE3\x83\xA1\xE3\x83\xBC\xE3\x82\xB7\xE3\x83\xBC\xE3\x83\xAF\xE3\x83\xBC\xE3\x83\xAB\xE3\x83\x89\",\"image\":\"https://api.lp1.av5ja.srv.nintendo.net/resources/prod/stage_img/icon/low_resolution/61ea801fa4ed32360dcaf83986222ded46a72dbf56194acc6d0cf4659a92ba85_1.png?Expires=1704844800&Signature=WF4avQks3iFAIOoXmPHpYYPm8-hJO7sjK5BI7Tb8ZPq3a3zGEblouSSSTFUFND1cDGG~o-dsBCYp9GP~hhmIgQN3fGrFr5PpE7P-bwNc33bGGVmXLeUC7qig-zF380mVHKqj~YWTcq69rJ-KyBNtkeL9HWYup6AZZ5QJnSl8c3TKhl13BHaJX~sFNkffYO3eJ-kvOAy7Cvf-T5USFyQp~S8W5o8rKliIwQBXJlTzTSocvce1ZmNB6TyXEmuXwhDcMvB6RBxAoC1evdviO86W6ADNKcZcuFYDa0XbR4f6UIP7x6nDCHjf46bWY2k6OAZm0~0UhPOHIhg3YZtFMC0yUQ__&Key-Pair-Id=KNBS2THMRC385\"}],\"is_fest\":false}]}":String
Did you mean?  encode):
  
app/controllers/schedule_controller.rb:9:in `index'
Started GET "/schedule/index" for 172.25.0.1 at 2023-02-23 07:39:53 +0000
Processing by ScheduleController#index as HTML
Completed 500 Internal Server Error in 341ms (Allocations: 1072)


  
TypeError (no implicit conversion of Net::HTTPOK into String):
  
app/controllers/schedule_controller.rb:10:in `index'
Started GET "//schedule/index" for 172.25.0.1 at 2023-02-23 07:43:44 +0000
Processing by ScheduleController#index as HTML
Completed 500 Internal Server Error in 308ms (Allocations: 901)


  
TypeError (no implicit conversion of Net::HTTPOK into String):
  
app/controllers/schedule_controller.rb:10:in `index'
Started GET "/schedule/index" for 172.25.0.1 at 2023-02-23 07:43:49 +0000
Processing by ScheduleController#index as HTML
Completed 500 Internal Server Error in 281ms (Allocations: 903)


  
TypeError (no implicit conversion of Net::HTTPOK into String):
  
app/controllers/schedule_controller.rb:10:in `index'
Started GET "/schedule/index" for 172.25.0.1 at 2023-02-23 07:45:47 +0000
Processing by ScheduleController#index as HTML
Completed 500 Internal Server Error in 585ms (Allocations: 2867)


  
NoMethodError (undefined method `each' for nil:NilClass

    @schedule["result"].each do |res|
                       ^^^^^):
  
app/controllers/schedule_controller.rb:20:in `send_line_message'
app/controllers/schedule_controller.rb:12:in `index'
Started GET "/favicon.ico" for 172.25.0.1 at 2023-02-23 07:45:48 +0000
  
ActionController::RoutingError (No route matches [GET] "/favicon.ico"):
  
Started GET "/schedule/index" for 172.25.0.1 at 2023-02-23 07:46:16 +0000
Processing by ScheduleController#index as HTML
Completed 204 No Content in 935ms (Allocations: 2972)


Started GET "/schedule/index" for 172.25.0.1 at 2023-02-23 07:47:08 +0000
Processing by ScheduleController#index as HTML
Completed 204 No Content in 854ms (Allocations: 2951)


Started GET "/schedule/index" for 172.25.0.1 at 2023-02-23 07:51:45 +0000
Processing by ScheduleController#index as HTML
Completed 204 No Content in 917ms (Allocations: 4186)


Started GET "/schedule/index" for 172.25.0.1 at 2023-02-23 07:56:57 +0000
Processing by ScheduleController#index as HTML
Completed 204 No Content in 958ms (Allocations: 4128)


Started GET "/schedule/index" for 172.25.0.1 at 2023-02-23 07:58:30 +0000
Processing by ScheduleController#index as HTML
Completed 500 Internal Server Error in 605ms (Allocations: 2134)


  
TypeError (no implicit conversion of Array into String):
  
app/controllers/schedule_controller.rb:23:in `include?'
app/controllers/schedule_controller.rb:23:in `block in send_line_message'
app/controllers/schedule_controller.rb:19:in `each'
app/controllers/schedule_controller.rb:19:in `send_line_message'
app/controllers/schedule_controller.rb:12:in `index'
Started GET "/schedule/index" for 172.25.0.1 at 2023-02-23 07:59:10 +0000
Processing by ScheduleController#index as HTML
Completed 204 No Content in 731ms (Allocations: 4158)


Started GET "/schedule/index" for 172.25.0.1 at 2023-02-23 08:03:31 +0000
Processing by ScheduleController#index as HTML
Completed 204 No Content in 1046ms (Allocations: 3828)


Started GET "/schedule/index" for 172.25.0.1 at 2023-02-23 08:04:05 +0000
Processing by ScheduleController#index as HTML
Completed 204 No Content in 841ms (Allocations: 3926)


